The system is: Windows - 10.0.22000 - AMD64
Compiling the C compiler identification source file "CMakeCCompilerId.c" succeeded.
Compiler:  
Build flags: 
Id flags:  

The output was:
0
MSBuild version 17.4.0+18d5aef85 for .NET Framework
Build started 4/2/2023 7:45:31 PM.
Project "C:\Users\benko\source\repos\reMind me\reMind me\build\CMakeFiles\3.24.0\CompilerIdC\CompilerIdC.vcxproj" on node 1 (default targets).
PrepareForBuild:
  Creating directory "Debug\".
  Creating directory "Debug\CompilerIdC.tlog\".
InitializeBuildStatus:
  Creating "Debug\CompilerIdC.tlog\unsuccessfulbuild" because "AlwaysCreate" was specified.
ClCompile:
  C:\Program Files\Microsoft Visual Studio\2022\Community\VC\Tools\MSVC\14.34.31933\bin\HostX86\x86\CL.exe /c /nologo /W0 /WX- /diagnostics:column /Od /Oy- /D _MBCS /Gm- /EHsc /RTC1 /MDd /GS /fp:precise /Zc:wchar_t /Zc:forScope /Zc:inline /Fo"Debug\\" /Fd"Debug\vc143.pdb" /external:W0 /Gd /TC /analyze- /FC /errorReport:queue CMakeCCompilerId.c
  CMakeCCompilerId.c
Link:
  C:\Program Files\Microsoft Visual Studio\2022\Community\VC\Tools\MSVC\14.34.31933\bin\HostX86\x86\link.exe /ERRORREPORT:QUEUE /OUT:".\CompilerIdC.exe" /INCREMENTAL:NO /NOLOGO kernel32.lib user32.lib gdi32.lib winspool.lib comdlg32.lib advapi32.lib shell32.lib ole32.lib oleaut32.lib uuid.lib odbc32.lib odbccp32.lib /MANIFEST /MANIFESTUAC:"level='asInvoker' uiAccess='false'" /manifest:embed /PDB:".\CompilerIdC.pdb" /SUBSYSTEM:CONSOLE /TLBID:1 /DYNAMICBASE /NXCOMPAT /IMPLIB:".\CompilerIdC.lib" /MACHINE:X86 /SAFESEH Debug\CMakeCCompilerId.obj
  CompilerIdC.vcxproj -> C:\Users\benko\source\repos\reMind me\reMind me\build\CMakeFiles\3.24.0\CompilerIdC\CompilerIdC.exe
PostBuildEvent:
  for %%i in (cl.exe) do @echo CMAKE_C_COMPILER=%%~$PATH:i
  :VCEnd
  CMAKE_C_COMPILER=C:\Program Files\Microsoft Visual Studio\2022\Community\VC\Tools\MSVC\14.34.31933\bin\Hostx86\x86\cl.exe
FinalizeBuildStatus:
  Deleting file "Debug\CompilerIdC.tlog\unsuccessfulbuild".
  Touching "Debug\CompilerIdC.tlog\CompilerIdC.lastbuildstate".
Done Building Project "C:\Users\benko\source\repos\reMind me\reMind me\build\CMakeFiles\3.24.0\CompilerIdC\CompilerIdC.vcxproj" (default targets).

Build succeeded.
    0 Warning(s)
    0 Error(s)

Time Elapsed 00:00:03.19


Compilation of the C compiler identification source "CMakeCCompilerId.c" produced "CompilerIdC.exe"

Compilation of the C compiler identification source "CMakeCCompilerId.c" produced "CompilerIdC.vcxproj"

The C compiler identification is MSVC, found in "C:/Users/benko/source/repos/reMind me/reMind me/build/CMakeFiles/3.24.0/CompilerIdC/CompilerIdC.exe"

Compiling the CXX compiler identification source file "CMakeCXXCompilerId.cpp" succeeded.
Compiler:  
Build flags: 
Id flags:  

The output was:
0
MSBuild version 17.4.0+18d5aef85 for .NET Framework
Build started 4/2/2023 7:45:35 PM.
Project "C:\Users\benko\source\repos\reMind me\reMind me\build\CMakeFiles\3.24.0\CompilerIdCXX\CompilerIdCXX.vcxproj" on node 1 (default targets).
PrepareForBuild:
  Creating directory "Debug\".
  Creating directory "Debug\CompilerIdCXX.tlog\".
InitializeBuildStatus:
  Creating "Debug\CompilerIdCXX.tlog\unsuccessfulbuild" because "AlwaysCreate" was specified.
ClCompile:
  C:\Program Files\Microsoft Visual Studio\2022\Community\VC\Tools\MSVC\14.34.31933\bin\HostX86\x86\CL.exe /c /nologo /W0 /WX- /diagnostics:column /Od /Oy- /D _MBCS /Gm- /EHsc /RTC1 /MDd /GS /fp:precise /Zc:wchar_t /Zc:forScope /Zc:inline /Fo"Debug\\" /Fd"Debug\vc143.pdb" /external:W0 /Gd /TP /analyze- /FC /errorReport:queue CMakeCXXCompilerId.cpp
  CMakeCXXCompilerId.cpp
Link:
  C:\Program Files\Microsoft Visual Studio\2022\Community\VC\Tools\MSVC\14.34.31933\bin\HostX86\x86\link.exe /ERRORREPORT:QUEUE /OUT:".\CompilerIdCXX.exe" /INCREMENTAL:NO /NOLOGO kernel32.lib user32.lib gdi32.lib winspool.lib comdlg32.lib advapi32.lib shell32.lib ole32.lib oleaut32.lib uuid.lib odbc32.lib odbccp32.lib /MANIFEST /MANIFESTUAC:"level='asInvoker' uiAccess='false'" /manifest:embed /PDB:".\CompilerIdCXX.pdb" /SUBSYSTEM:CONSOLE /TLBID:1 /DYNAMICBASE /NXCOMPAT /IMPLIB:".\CompilerIdCXX.lib" /MACHINE:X86 /SAFESEH Debug\CMakeCXXCompilerId.obj
  CompilerIdCXX.vcxproj -> C:\Users\benko\source\repos\reMind me\reMind me\build\CMakeFiles\3.24.0\CompilerIdCXX\CompilerIdCXX.exe
PostBuildEvent:
  for %%i in (cl.exe) do @echo CMAKE_CXX_COMPILER=%%~$PATH:i
  :VCEnd
  CMAKE_CXX_COMPILER=C:\Program Files\Microsoft Visual Studio\2022\Community\VC\Tools\MSVC\14.34.31933\bin\Hostx86\x86\cl.exe
FinalizeBuildStatus:
  Deleting file "Debug\CompilerIdCXX.tlog\unsuccessfulbuild".
  Touching "Debug\CompilerIdCXX.tlog\CompilerIdCXX.lastbuildstate".
Done Building Project "C:\Users\benko\source\repos\reMind me\reMind me\build\CMakeFiles\3.24.0\CompilerIdCXX\CompilerIdCXX.vcxproj" (default targets).

Build succeeded.
    0 Warning(s)
    0 Error(s)

Time Elapsed 00:00:01.66


Compilation of the CXX compiler identification source "CMakeCXXCompilerId.cpp" produced "CompilerIdCXX.exe"

Compilation of the CXX compiler identification source "CMakeCXXCompilerId.cpp" produced "CompilerIdCXX.vcxproj"

The CXX compiler identification is MSVC, found in "C:/Users/benko/source/repos/reMind me/reMind me/build/CMakeFiles/3.24.0/CompilerIdCXX/CompilerIdCXX.exe"

Detecting C compiler ABI info compiled with the following output:
Change Dir: C:/Users/benko/source/repos/reMind me/reMind me/build/CMakeFiles/CMakeTmp

Run Build Command(s):C:/Program Files/Microsoft Visual Studio/2022/Community/MSBuild/Current/Bin/amd64/MSBuild.exe cmTC_d1391.vcxproj /p:Configuration=Debug /p:Platform=win32 /p:VisualStudioVersion=17.0 /v:m && MSBuild version 17.4.0+18d5aef85 for .NET Framework
  Microsoft (R) C/C++ Optimizing Compiler Version 19.34.31935 for x86
  CMakeCCompilerABI.c
  Copyright (C) Microsoft Corporation.  All rights reserved.
  cl /c /Zi /W3 /WX- /diagnostics:column /Od /Ob0 /Oy- /D _MBCS /D WIN32 /D _WINDOWS /D "CMAKE_INTDIR=\"Debug\"" /Gm- /RTC1 /MDd /GS /fp:precise /Zc:wchar_t /Zc:forScope /Zc:inline /Fo"cmTC_d1391.dir\Debug\\" /Fd"cmTC_d1391.dir\Debug\vc143.pdb" /external:W3 /Gd /TC /analyze- /errorReport:queue "C:\Program Files\CMake\share\cmake-3.24\Modules\CMakeCCompilerABI.c"
  cmTC_d1391.vcxproj -> C:\Users\benko\source\repos\reMind me\reMind me\build\CMakeFiles\CMakeTmp\Debug\cmTC_d1391.exe



Detecting CXX compiler ABI info compiled with the following output:
Change Dir: C:/Users/benko/source/repos/reMind me/reMind me/build/CMakeFiles/CMakeTmp

Run Build Command(s):C:/Program Files/Microsoft Visual Studio/2022/Community/MSBuild/Current/Bin/amd64/MSBuild.exe cmTC_663cc.vcxproj /p:Configuration=Debug /p:Platform=win32 /p:VisualStudioVersion=17.0 /v:m && MSBuild version 17.4.0+18d5aef85 for .NET Framework
  Microsoft (R) C/C++ Optimizing Compiler Version 19.34.31935 for x86
  CMakeCXXCompilerABI.cpp
  Copyright (C) Microsoft Corporation.  All rights reserved.
  cl /c /Zi /W3 /WX- /diagnostics:column /Od /Ob0 /Oy- /D _MBCS /D WIN32 /D _WINDOWS /D "CMAKE_INTDIR=\"Debug\"" /Gm- /EHsc /RTC1 /MDd /GS /fp:precise /Zc:wchar_t /Zc:forScope /Zc:inline /GR /Fo"cmTC_663cc.dir\Debug\\" /Fd"cmTC_663cc.dir\Debug\vc143.pdb" /external:W3 /Gd /TP /analyze- /errorReport:queue "C:\Program Files\CMake\share\cmake-3.24\Modules\CMakeCXXCompilerABI.cpp"
  cmTC_663cc.vcxproj -> C:\Users\benko\source\repos\reMind me\reMind me\build\CMakeFiles\CMakeTmp\Debug\cmTC_663cc.exe



Compiling the CSharp compiler identification source file "CMakeCSharpCompilerId.cs" succeeded.
Compiler:  
Build flags: 
Id flags:  

The output was:
0
MSBuild version 17.4.0+18d5aef85 for .NET Framework
Build started 4/2/2023 7:53:47 PM.
Project "C:\Users\benko\source\repos\reMind me\reMind me\build\CMakeFiles\3.24.0\CompilerIdCSharp\CompilerIdCSharp.csproj" on node 1 (default targets).
PrepareForBuild:
  Creating directory "obj\win32\Debug\".
GenerateBindingRedirects:
  No suggested binding redirects from ResolveAssemblyReferences.
CoreCompile:
  C:\Program Files\Microsoft Visual Studio\2022\Community\MSBuild\Current\Bin\Roslyn\csc.exe /noconfig /nowarn:1701,1702 /fullpaths /nostdlib+ /platform:anycpu32bitpreferred /define:Platformwin32;PlatformToolsetv143 /highentropyva+ /reference:"C:\Program Files (x86)\Reference Assemblies\Microsoft\Framework\.NETFramework\v4.7.2\mscorlib.dll" /reference:"C:\Program Files (x86)\Reference Assemblies\Microsoft\Framework\.NETFramework\v4.7.2\System.Core.dll" /debug+ /out:obj\win32\Debug\CompilerIdCSharp.exe /subsystemversion:6.00 /target:exe /utf8output /langversion:7.3 CMakeCSharpCompilerId.cs "obj\win32\Debug\.NETFramework,Version=v4.7.2.AssemblyAttributes.cs"
  CompilerServer: server - server processed compilation - 91eb3510-a8f3-4bcd-b3c2-01790cbb44c1
CopyFilesToOutputDirectory:
  Copying file from "C:\Users\benko\source\repos\reMind me\reMind me\build\CMakeFiles\3.24.0\CompilerIdCSharp\obj\win32\Debug\CompilerIdCSharp.exe" to "C:\Users\benko\source\repos\reMind me\reMind me\build\CMakeFiles\3.24.0\CompilerIdCSharp\CompilerIdCSharp.exe".
  CompilerIdCSharp -> C:\Users\benko\source\repos\reMind me\reMind me\build\CMakeFiles\3.24.0\CompilerIdCSharp\CompilerIdCSharp.exe
  Copying file from "C:\Users\benko\source\repos\reMind me\reMind me\build\CMakeFiles\3.24.0\CompilerIdCSharp\obj\win32\Debug\CompilerIdCSharp.pdb" to "C:\Users\benko\source\repos\reMind me\reMind me\build\CMakeFiles\3.24.0\CompilerIdCSharp\CompilerIdCSharp.pdb".
PostBuildEvent:
  if not "C:\Program Files\Microsoft Visual Studio\2022\Community\MSBuild\Current\Bin\Roslyn"=="" if exist "C:\Program Files\Microsoft Visual Studio\2022\Community\MSBuild\Current\Bin\Roslyn\csc.exe" set _CSC=C:\Program Files\Microsoft Visual Studio\2022\Community\MSBuild\Current\Bin\Roslyn
  if exist "C:\Program Files\Microsoft Visual Studio\2022\Community\MSBuild\Current\Bin\amd64\csc.exe" set _CSC=C:\Program Files\Microsoft Visual Studio\2022\Community\MSBuild\Current\Bin\amd64
  if "%_CSC%"=="" exit -1
  @echo CMAKE_CSharp_COMPILER=%_CSC%\csc.exe
  CMAKE_CSharp_COMPILER=C:\Program Files\Microsoft Visual Studio\2022\Community\MSBuild\Current\Bin\Roslyn\csc.exe
Done Building Project "C:\Users\benko\source\repos\reMind me\reMind me\build\CMakeFiles\3.24.0\CompilerIdCSharp\CompilerIdCSharp.csproj" (default targets).

Build succeeded.
    0 Warning(s)
    0 Error(s)

Time Elapsed 00:00:01.85


Compilation of the CSharp compiler identification source "CMakeCSharpCompilerId.cs" produced "CompilerIdCSharp.csproj"

Compilation of the CSharp compiler identification source "CMakeCSharpCompilerId.cs" produced "CompilerIdCSharp.exe"

Compilation of the CSharp compiler identification source "CMakeCSharpCompilerId.cs" produced "CompilerIdCSharp.pdb"

The CSharp compiler identification is Microsoft Visual Studio, found in "C:/Users/benko/source/repos/reMind me/reMind me/build/CMakeFiles/3.24.0/CompilerIdCSharp/CompilerIdCSharp.exe"

Determining if the C# compiler works passed with the following output:
Change Dir: C:/Users/benko/source/repos/reMind me/reMind me/build/CMakeFiles/CMakeTmp

Run Build Command(s):C:/Program Files/Microsoft Visual Studio/2022/Community/MSBuild/Current/Bin/amd64/MSBuild.exe cmTC_7cdd4.csproj /p:Configuration=Debug /p:Platform=win32 /p:VisualStudioVersion=17.0 /v:m && MSBuild version 17.4.0+18d5aef85 for .NET Framework
  cmTC_7cdd4 -> C:\Users\benko\source\repos\reMind me\reMind me\build\CMakeFiles\CMakeTmp\Debug\cmTC_7cdd4.exe



